2024-09-18 12:59:36,083 - komorebi - INFO - -----------------------
2024-09-18 12:59:36,084 - komorebi - INFO - KOMOREBI SYS VIEW | LOG
2024-09-18 12:59:36,085 - komorebi - INFO - -----------------------
2024-09-18 12:59:36,086 - komorebi - INFO - Artist: Saurabh Datta
2024-09-18 12:59:36,086 - komorebi - INFO - Loc: Berlin, Germany
2024-09-18 12:59:36,087 - komorebi - INFO - Date: Sept|2024
2024-09-18 12:59:36,088 - komorebi - INFO - -----------------------
2024-09-18 12:59:36,098 - komorebi - INFO - [app.py][Status] Current IP: 192.168.1.110
2024-09-18 12:59:36,107 - komorebi - INFO - [app.py][Status] To configure wifi, Long Press the Wifi Reset Button for more than 5 sec
2024-09-18 12:59:44,287 - komorebi - INFO - [app.py][Event] Short Press detected... Do nothing!
2024-09-18 12:59:44,485 - komorebi - INFO - [app.py][Event] Short Press detected... Do nothing!
2024-09-18 12:59:50,275 - komorebi - INFO - [app.py][Event] Short Press detected... Do nothing!
2024-09-18 12:59:58,412 - komorebi - INFO - 
2024-09-18 12:59:58,414 - komorebi - INFO - [app.py][Event] Long Press detected!
2024-09-18 12:59:58,414 - komorebi - INFO - [app.py][Action] Setting up Access Point ...
2024-09-18 13:00:02,479 - komorebi - INFO - [net..._manager.py][Result] Access Point set up successfully.
2024-09-18 13:00:02,482 - komorebi - INFO - [app.py][Result] Web server started. Connect to the Wi-Fi and navigate to http://10.10.1.1
2024-09-18 13:00:56,206 - komorebi - ERROR - [net..._manager.py][Result] Error connecting to WiFi: Error: 802-11-wireless-security.psk: property is invalid.

2024-09-18 13:00:56,208 - komorebi - DEBUG - [web_server.py][Status] Connection success: False
2024-09-18 13:00:56,208 - komorebi - DEBUG - [web_server.py][Status] Connection message: Error connecting to WiFi
2024-09-18 13:00:56,209 - komorebi - ERROR - [web_server.py][Result] Connection failed: Error connecting to WiFi
2024-09-18 13:01:04,312 - komorebi - DEBUG - [net..._manager.py][Result] Command: nmcli dev wifi connect ':)' password 'jEmx4vpR'
2024-09-18 13:01:04,315 - komorebi - DEBUG - [net..._manager.py][Result] Return code: 0
2024-09-18 13:01:04,317 - komorebi - DEBUG - [net..._manager.py][Result] Stdout: [2K
Device 'wlan0' successfully activated with '6f444238-bbd5-4de9-8ec5-500d54575c86'.

2024-09-18 13:01:04,319 - komorebi - DEBUG - [net..._manager.py][Result] Stderr: 
2024-09-18 13:01:19,618 - komorebi - ERROR - [net..._manager.py][Result] Failed to bring down hotspot: Command '['nmcli', 'con', 'down', 'hotspot']' returned non-zero exit status 10.
2024-09-18 13:01:19,620 - komorebi - DEBUG - [web_server.py][Status] Connection success: False
2024-09-18 13:01:19,621 - komorebi - DEBUG - [web_server.py][Status] Connection message: Could not bring AP hotspot down after connecting to WIFI in  mode
2024-09-18 13:01:19,622 - komorebi - ERROR - [web_server.py][Result] Connection failed: Could not bring AP hotspot down after connecting to WIFI in  mode
2024-09-18 13:06:11,881 - komorebi - INFO - [app.py][Result] Program stopped
